ARM GAS  /tmp/ccvWxSeL.s 			page 1


   1              		.cpu cortex-m3
   2              		.eabi_attribute 20, 1
   3              		.eabi_attribute 21, 1
   4              		.eabi_attribute 23, 3
   5              		.eabi_attribute 24, 1
   6              		.eabi_attribute 25, 1
   7              		.eabi_attribute 26, 1
   8              		.eabi_attribute 30, 1
   9              		.eabi_attribute 34, 1
  10              		.eabi_attribute 18, 4
  11              		.file	"gpio.c"
  12              		.text
  13              	.Ltext0:
  14              		.cfi_sections	.debug_frame
  15              		.section	.text.MX_GPIO_Init,"ax",%progbits
  16              		.align	1
  17              		.global	MX_GPIO_Init
  18              		.syntax unified
  19              		.thumb
  20              		.thumb_func
  21              		.fpu softvfp
  23              	MX_GPIO_Init:
  24              	.LFB64:
  25              		.file 1 "Src/gpio.c"
   1:Src/gpio.c    **** /**
   2:Src/gpio.c    ****   ******************************************************************************
   3:Src/gpio.c    ****   * File Name          : gpio.c
   4:Src/gpio.c    ****   * Description        : This file provides code for the configuration
   5:Src/gpio.c    ****   *                      of all used GPIO pins.
   6:Src/gpio.c    ****   ******************************************************************************
   7:Src/gpio.c    ****   ** This notice applies to any and all portions of this file
   8:Src/gpio.c    ****   * that are not between comment pairs USER CODE BEGIN and
   9:Src/gpio.c    ****   * USER CODE END. Other portions of this file, whether 
  10:Src/gpio.c    ****   * inserted by the user or by software development tools
  11:Src/gpio.c    ****   * are owned by their respective copyright owners.
  12:Src/gpio.c    ****   *
  13:Src/gpio.c    ****   * COPYRIGHT(c) 2017 STMicroelectronics
  14:Src/gpio.c    ****   *
  15:Src/gpio.c    ****   * Redistribution and use in source and binary forms, with or without modification,
  16:Src/gpio.c    ****   * are permitted provided that the following conditions are met:
  17:Src/gpio.c    ****   *   1. Redistributions of source code must retain the above copyright notice,
  18:Src/gpio.c    ****   *      this list of conditions and the following disclaimer.
  19:Src/gpio.c    ****   *   2. Redistributions in binary form must reproduce the above copyright notice,
  20:Src/gpio.c    ****   *      this list of conditions and the following disclaimer in the documentation
  21:Src/gpio.c    ****   *      and/or other materials provided with the distribution.
  22:Src/gpio.c    ****   *   3. Neither the name of STMicroelectronics nor the names of its contributors
  23:Src/gpio.c    ****   *      may be used to endorse or promote products derived from this software
  24:Src/gpio.c    ****   *      without specific prior written permission.
  25:Src/gpio.c    ****   *
  26:Src/gpio.c    ****   * THIS SOFTWARE IS PROVIDED BY THE COPYRIGHT HOLDERS AND CONTRIBUTORS "AS IS"
  27:Src/gpio.c    ****   * AND ANY EXPRESS OR IMPLIED WARRANTIES, INCLUDING, BUT NOT LIMITED TO, THE
  28:Src/gpio.c    ****   * IMPLIED WARRANTIES OF MERCHANTABILITY AND FITNESS FOR A PARTICULAR PURPOSE ARE
  29:Src/gpio.c    ****   * DISCLAIMED. IN NO EVENT SHALL THE COPYRIGHT HOLDER OR CONTRIBUTORS BE LIABLE
  30:Src/gpio.c    ****   * FOR ANY DIRECT, INDIRECT, INCIDENTAL, SPECIAL, EXEMPLARY, OR CONSEQUENTIAL
  31:Src/gpio.c    ****   * DAMAGES (INCLUDING, BUT NOT LIMITED TO, PROCUREMENT OF SUBSTITUTE GOODS OR
  32:Src/gpio.c    ****   * SERVICES; LOSS OF USE, DATA, OR PROFITS; OR BUSINESS INTERRUPTION) HOWEVER
  33:Src/gpio.c    ****   * CAUSED AND ON ANY THEORY OF LIABILITY, WHETHER IN CONTRACT, STRICT LIABILITY,
ARM GAS  /tmp/ccvWxSeL.s 			page 2


  34:Src/gpio.c    ****   * OR TORT (INCLUDING NEGLIGENCE OR OTHERWISE) ARISING IN ANY WAY OUT OF THE USE
  35:Src/gpio.c    ****   * OF THIS SOFTWARE, EVEN IF ADVISED OF THE POSSIBILITY OF SUCH DAMAGE.
  36:Src/gpio.c    ****   *
  37:Src/gpio.c    ****   ******************************************************************************
  38:Src/gpio.c    ****   */
  39:Src/gpio.c    **** 
  40:Src/gpio.c    **** /* Includes ------------------------------------------------------------------*/
  41:Src/gpio.c    **** #include "gpio.h"
  42:Src/gpio.c    **** /* USER CODE BEGIN 0 */
  43:Src/gpio.c    **** 
  44:Src/gpio.c    **** /* USER CODE END 0 */
  45:Src/gpio.c    **** 
  46:Src/gpio.c    **** /*----------------------------------------------------------------------------*/
  47:Src/gpio.c    **** /* Configure GPIO                                                             */
  48:Src/gpio.c    **** /*----------------------------------------------------------------------------*/
  49:Src/gpio.c    **** /* USER CODE BEGIN 1 */
  50:Src/gpio.c    **** 
  51:Src/gpio.c    **** /* USER CODE END 1 */
  52:Src/gpio.c    **** 
  53:Src/gpio.c    **** /** Configure pins as 
  54:Src/gpio.c    ****         * Analog 
  55:Src/gpio.c    ****         * Input 
  56:Src/gpio.c    ****         * Output
  57:Src/gpio.c    ****         * EVENT_OUT
  58:Src/gpio.c    ****         * EXTI
  59:Src/gpio.c    ****         * Free pins are configured automatically as Analog (this feature is enabled through 
  60:Src/gpio.c    ****         * the Code Generation settings)
  61:Src/gpio.c    **** */
  62:Src/gpio.c    **** void MX_GPIO_Init(void)
  63:Src/gpio.c    **** {
  26              		.loc 1 63 0
  27              		.cfi_startproc
  28              		@ args = 0, pretend = 0, frame = 40
  29              		@ frame_needed = 0, uses_anonymous_args = 0
  30 0000 70B5     		push	{r4, r5, r6, lr}
  31              	.LCFI0:
  32              		.cfi_def_cfa_offset 16
  33              		.cfi_offset 4, -16
  34              		.cfi_offset 5, -12
  35              		.cfi_offset 6, -8
  36              		.cfi_offset 14, -4
  37 0002 8AB0     		sub	sp, sp, #40
  38              	.LCFI1:
  39              		.cfi_def_cfa_offset 56
  40              	.LBB2:
  64:Src/gpio.c    **** 
  65:Src/gpio.c    ****   GPIO_InitTypeDef GPIO_InitStruct;
  66:Src/gpio.c    **** 
  67:Src/gpio.c    ****   /* GPIO Ports Clock Enable */
  68:Src/gpio.c    ****   __HAL_RCC_GPIOC_CLK_ENABLE();
  41              		.loc 1 68 0
  42 0004 2E4B     		ldr	r3, .L3
  43 0006 DA69     		ldr	r2, [r3, #28]
  44 0008 42F00402 		orr	r2, r2, #4
  45 000c DA61     		str	r2, [r3, #28]
  46 000e DA69     		ldr	r2, [r3, #28]
  47 0010 02F00402 		and	r2, r2, #4
ARM GAS  /tmp/ccvWxSeL.s 			page 3


  48 0014 0192     		str	r2, [sp, #4]
  49 0016 019A     		ldr	r2, [sp, #4]
  50              	.LBE2:
  51              	.LBB3:
  69:Src/gpio.c    ****   __HAL_RCC_GPIOH_CLK_ENABLE();
  52              		.loc 1 69 0
  53 0018 DA69     		ldr	r2, [r3, #28]
  54 001a 42F02002 		orr	r2, r2, #32
  55 001e DA61     		str	r2, [r3, #28]
  56 0020 DA69     		ldr	r2, [r3, #28]
  57 0022 02F02002 		and	r2, r2, #32
  58 0026 0292     		str	r2, [sp, #8]
  59 0028 029A     		ldr	r2, [sp, #8]
  60              	.LBE3:
  61              	.LBB4:
  70:Src/gpio.c    ****   __HAL_RCC_GPIOA_CLK_ENABLE();
  62              		.loc 1 70 0
  63 002a DA69     		ldr	r2, [r3, #28]
  64 002c 42F00102 		orr	r2, r2, #1
  65 0030 DA61     		str	r2, [r3, #28]
  66 0032 DA69     		ldr	r2, [r3, #28]
  67 0034 02F00102 		and	r2, r2, #1
  68 0038 0392     		str	r2, [sp, #12]
  69 003a 039A     		ldr	r2, [sp, #12]
  70              	.LBE4:
  71              	.LBB5:
  71:Src/gpio.c    ****   __HAL_RCC_GPIOB_CLK_ENABLE();
  72              		.loc 1 71 0
  73 003c DA69     		ldr	r2, [r3, #28]
  74 003e 42F00202 		orr	r2, r2, #2
  75 0042 DA61     		str	r2, [r3, #28]
  76 0044 DB69     		ldr	r3, [r3, #28]
  77 0046 03F00203 		and	r3, r3, #2
  78 004a 0493     		str	r3, [sp, #16]
  79 004c 049B     		ldr	r3, [sp, #16]
  80              	.LBE5:
  72:Src/gpio.c    **** 
  73:Src/gpio.c    ****   /*Configure GPIO pins : PC13 PC14 PC15 */
  74:Src/gpio.c    ****   GPIO_InitStruct.Pin = GPIO_PIN_13|GPIO_PIN_14|GPIO_PIN_15;
  81              		.loc 1 74 0
  82 004e 4FF46043 		mov	r3, #57344
  83 0052 0593     		str	r3, [sp, #20]
  75:Src/gpio.c    ****   GPIO_InitStruct.Mode = GPIO_MODE_ANALOG;
  84              		.loc 1 75 0
  85 0054 0325     		movs	r5, #3
  86 0056 0695     		str	r5, [sp, #24]
  76:Src/gpio.c    ****   GPIO_InitStruct.Pull = GPIO_NOPULL;
  87              		.loc 1 76 0
  88 0058 0024     		movs	r4, #0
  89 005a 0794     		str	r4, [sp, #28]
  77:Src/gpio.c    ****   HAL_GPIO_Init(GPIOC, &GPIO_InitStruct);
  90              		.loc 1 77 0
  91 005c 05A9     		add	r1, sp, #20
  92 005e 1948     		ldr	r0, .L3+4
  93 0060 FFF7FEFF 		bl	HAL_GPIO_Init
  94              	.LVL0:
  78:Src/gpio.c    **** 
ARM GAS  /tmp/ccvWxSeL.s 			page 4


  79:Src/gpio.c    ****   /*Configure GPIO pins : PH0 PH1 */
  80:Src/gpio.c    ****   GPIO_InitStruct.Pin = GPIO_PIN_0|GPIO_PIN_1;
  95              		.loc 1 80 0
  96 0064 0595     		str	r5, [sp, #20]
  81:Src/gpio.c    ****   GPIO_InitStruct.Mode = GPIO_MODE_ANALOG;
  97              		.loc 1 81 0
  98 0066 0695     		str	r5, [sp, #24]
  82:Src/gpio.c    ****   GPIO_InitStruct.Pull = GPIO_NOPULL;
  99              		.loc 1 82 0
 100 0068 0794     		str	r4, [sp, #28]
  83:Src/gpio.c    ****   HAL_GPIO_Init(GPIOH, &GPIO_InitStruct);
 101              		.loc 1 83 0
 102 006a 05A9     		add	r1, sp, #20
 103 006c 1648     		ldr	r0, .L3+8
 104 006e FFF7FEFF 		bl	HAL_GPIO_Init
 105              	.LVL1:
  84:Src/gpio.c    **** 
  85:Src/gpio.c    ****   /*Configure GPIO pins : PAPin PAPin */
  86:Src/gpio.c    ****   GPIO_InitStruct.Pin = MOTION_Pin;
 106              		.loc 1 86 0
 107 0072 0223     		movs	r3, #2
 108 0074 0593     		str	r3, [sp, #20]
  87:Src/gpio.c    ****   GPIO_InitStruct.Mode = GPIO_MODE_IT_RISING;
 109              		.loc 1 87 0
 110 0076 154B     		ldr	r3, .L3+12
 111 0078 0693     		str	r3, [sp, #24]
  88:Src/gpio.c    ****   GPIO_InitStruct.Pull = GPIO_NOPULL;
 112              		.loc 1 88 0
 113 007a 0794     		str	r4, [sp, #28]
  89:Src/gpio.c    ****   HAL_GPIO_Init(GPIOA, &GPIO_InitStruct);
 114              		.loc 1 89 0
 115 007c 144E     		ldr	r6, .L3+16
 116 007e 05A9     		add	r1, sp, #20
 117 0080 3046     		mov	r0, r6
 118 0082 FFF7FEFF 		bl	HAL_GPIO_Init
 119              	.LVL2:
  90:Src/gpio.c    **** 
  91:Src/gpio.c    ****   /*Configure GPIO pins : PA3 PA4 PA5 PA6 
  92:Src/gpio.c    ****                            PA7 PA8 PA9 PA10 
  93:Src/gpio.c    ****                            PA11 PA12 PA15 */
  94:Src/gpio.c    ****   GPIO_InitStruct.Pin = GPIO_PIN_3|GPIO_PIN_4|GPIO_PIN_5|GPIO_PIN_6 
 120              		.loc 1 94 0
 121 0086 49F6F873 		movw	r3, #40952
 122 008a 0593     		str	r3, [sp, #20]
  95:Src/gpio.c    ****                           |GPIO_PIN_7|GPIO_PIN_8|GPIO_PIN_9|GPIO_PIN_10 
  96:Src/gpio.c    ****                           |GPIO_PIN_11|GPIO_PIN_12|GPIO_PIN_15;
  97:Src/gpio.c    ****   GPIO_InitStruct.Mode = GPIO_MODE_ANALOG;
 123              		.loc 1 97 0
 124 008c 0695     		str	r5, [sp, #24]
  98:Src/gpio.c    ****   GPIO_InitStruct.Pull = GPIO_NOPULL;
 125              		.loc 1 98 0
 126 008e 0794     		str	r4, [sp, #28]
  99:Src/gpio.c    ****   HAL_GPIO_Init(GPIOA, &GPIO_InitStruct);
 127              		.loc 1 99 0
 128 0090 05A9     		add	r1, sp, #20
 129 0092 3046     		mov	r0, r6
 130 0094 FFF7FEFF 		bl	HAL_GPIO_Init
ARM GAS  /tmp/ccvWxSeL.s 			page 5


 131              	.LVL3:
 100:Src/gpio.c    **** 
 101:Src/gpio.c    ****   /*Configure GPIO pins : PB1 PB2 PB10 PB11 
 102:Src/gpio.c    ****                            PB12 PB13 PB14 PB15 
 103:Src/gpio.c    ****                            PB3 PB8 PB9 */
 104:Src/gpio.c    ****   GPIO_InitStruct.Pin = GPIO_PIN_1|GPIO_PIN_2|GPIO_PIN_10|GPIO_PIN_11 
 132              		.loc 1 104 0
 133 0098 4FF60E73 		movw	r3, #65294
 134 009c 0593     		str	r3, [sp, #20]
 105:Src/gpio.c    ****                           |GPIO_PIN_12|GPIO_PIN_13|GPIO_PIN_14|GPIO_PIN_15 
 106:Src/gpio.c    ****                           |GPIO_PIN_3|GPIO_PIN_8|GPIO_PIN_9;
 107:Src/gpio.c    ****   GPIO_InitStruct.Mode = GPIO_MODE_ANALOG;
 135              		.loc 1 107 0
 136 009e 0695     		str	r5, [sp, #24]
 108:Src/gpio.c    ****   GPIO_InitStruct.Pull = GPIO_NOPULL;
 137              		.loc 1 108 0
 138 00a0 0794     		str	r4, [sp, #28]
 109:Src/gpio.c    ****   HAL_GPIO_Init(GPIOB, &GPIO_InitStruct);
 139              		.loc 1 109 0
 140 00a2 05A9     		add	r1, sp, #20
 141 00a4 0B48     		ldr	r0, .L3+20
 142 00a6 FFF7FEFF 		bl	HAL_GPIO_Init
 143              	.LVL4:
 110:Src/gpio.c    **** 
 111:Src/gpio.c    ****   /* EXTI interrupt init*/
 112:Src/gpio.c    ****   HAL_NVIC_SetPriority(EXTI1_IRQn, 0, 0);
 144              		.loc 1 112 0
 145 00aa 2246     		mov	r2, r4
 146 00ac 2146     		mov	r1, r4
 147 00ae 0720     		movs	r0, #7
 148 00b0 FFF7FEFF 		bl	HAL_NVIC_SetPriority
 149              	.LVL5:
 113:Src/gpio.c    ****   HAL_NVIC_EnableIRQ(EXTI1_IRQn);
 150              		.loc 1 113 0
 151 00b4 0720     		movs	r0, #7
 152 00b6 FFF7FEFF 		bl	HAL_NVIC_EnableIRQ
 153              	.LVL6:
 114:Src/gpio.c    **** 
 115:Src/gpio.c    **** }
 154              		.loc 1 115 0
 155 00ba 0AB0     		add	sp, sp, #40
 156              	.LCFI2:
 157              		.cfi_def_cfa_offset 16
 158              		@ sp needed
 159 00bc 70BD     		pop	{r4, r5, r6, pc}
 160              	.L4:
 161 00be 00BF     		.align	2
 162              	.L3:
 163 00c0 00380240 		.word	1073887232
 164 00c4 00080240 		.word	1073874944
 165 00c8 00140240 		.word	1073878016
 166 00cc 00001110 		.word	269549568
 167 00d0 00000240 		.word	1073872896
 168 00d4 00040240 		.word	1073873920
 169              		.cfi_endproc
 170              	.LFE64:
 172              		.text
ARM GAS  /tmp/ccvWxSeL.s 			page 6


 173              	.Letext0:
 174              		.file 2 "/home/ricardo/opt/gcc-arm-none-eabi-6-2017-q1-update/arm-none-eabi/include/machine/_defau
 175              		.file 3 "/home/ricardo/opt/gcc-arm-none-eabi-6-2017-q1-update/arm-none-eabi/include/sys/_stdint.h"
 176              		.file 4 "Drivers/CMSIS/Include/core_cm3.h"
 177              		.file 5 "Drivers/CMSIS/Device/ST/STM32L1xx/Include/system_stm32l1xx.h"
 178              		.file 6 "Drivers/CMSIS/Device/ST/STM32L1xx/Include/stm32l151xb.h"
 179              		.file 7 "/home/ricardo/opt/gcc-arm-none-eabi-6-2017-q1-update/arm-none-eabi/include/sys/lock.h"
 180              		.file 8 "/home/ricardo/opt/gcc-arm-none-eabi-6-2017-q1-update/arm-none-eabi/include/sys/_types.h"
 181              		.file 9 "/home/ricardo/opt/gcc-arm-none-eabi-6-2017-q1-update/lib/gcc/arm-none-eabi/6.3.1/include/
 182              		.file 10 "/home/ricardo/opt/gcc-arm-none-eabi-6-2017-q1-update/arm-none-eabi/include/sys/reent.h"
 183              		.file 11 "Drivers/STM32L1xx_HAL_Driver/Inc/stm32l1xx_hal_gpio.h"
 184              		.file 12 "Drivers/STM32L1xx_HAL_Driver/Inc/stm32l1xx_hal_cortex.h"
ARM GAS  /tmp/ccvWxSeL.s 			page 7


DEFINED SYMBOLS
                            *ABS*:0000000000000000 gpio.c
     /tmp/ccvWxSeL.s:16     .text.MX_GPIO_Init:0000000000000000 $t
     /tmp/ccvWxSeL.s:23     .text.MX_GPIO_Init:0000000000000000 MX_GPIO_Init
     /tmp/ccvWxSeL.s:163    .text.MX_GPIO_Init:00000000000000c0 $d
                     .debug_frame:0000000000000010 $d

UNDEFINED SYMBOLS
HAL_GPIO_Init
HAL_NVIC_SetPriority
HAL_NVIC_EnableIRQ
