ARM GAS  /tmp/ccKSDEVu.s 			page 1


   1              		.cpu cortex-m3
   2              		.eabi_attribute 20, 1
   3              		.eabi_attribute 21, 1
   4              		.eabi_attribute 23, 3
   5              		.eabi_attribute 24, 1
   6              		.eabi_attribute 25, 1
   7              		.eabi_attribute 26, 1
   8              		.eabi_attribute 30, 1
   9              		.eabi_attribute 34, 1
  10              		.eabi_attribute 18, 4
  11              		.file	"stm32l1xx_hal_msp.c"
  12              		.text
  13              	.Ltext0:
  14              		.cfi_sections	.debug_frame
  15              		.section	.text.HAL_MspInit,"ax",%progbits
  16              		.align	1
  17              		.global	HAL_MspInit
  18              		.syntax unified
  19              		.thumb
  20              		.thumb_func
  21              		.fpu softvfp
  23              	HAL_MspInit:
  24              	.LFB64:
  25              		.file 1 "Src/stm32l1xx_hal_msp.c"
   1:Src/stm32l1xx_hal_msp.c **** /**
   2:Src/stm32l1xx_hal_msp.c ****   ******************************************************************************
   3:Src/stm32l1xx_hal_msp.c ****   * File Name          : stm32l1xx_hal_msp.c
   4:Src/stm32l1xx_hal_msp.c ****   * Description        : This file provides code for the MSP Initialization 
   5:Src/stm32l1xx_hal_msp.c ****   *                      and de-Initialization codes.
   6:Src/stm32l1xx_hal_msp.c ****   ******************************************************************************
   7:Src/stm32l1xx_hal_msp.c ****   ** This notice applies to any and all portions of this file
   8:Src/stm32l1xx_hal_msp.c ****   * that are not between comment pairs USER CODE BEGIN and
   9:Src/stm32l1xx_hal_msp.c ****   * USER CODE END. Other portions of this file, whether 
  10:Src/stm32l1xx_hal_msp.c ****   * inserted by the user or by software development tools
  11:Src/stm32l1xx_hal_msp.c ****   * are owned by their respective copyright owners.
  12:Src/stm32l1xx_hal_msp.c ****   *
  13:Src/stm32l1xx_hal_msp.c ****   * COPYRIGHT(c) 2017 STMicroelectronics
  14:Src/stm32l1xx_hal_msp.c ****   *
  15:Src/stm32l1xx_hal_msp.c ****   * Redistribution and use in source and binary forms, with or without modification,
  16:Src/stm32l1xx_hal_msp.c ****   * are permitted provided that the following conditions are met:
  17:Src/stm32l1xx_hal_msp.c ****   *   1. Redistributions of source code must retain the above copyright notice,
  18:Src/stm32l1xx_hal_msp.c ****   *      this list of conditions and the following disclaimer.
  19:Src/stm32l1xx_hal_msp.c ****   *   2. Redistributions in binary form must reproduce the above copyright notice,
  20:Src/stm32l1xx_hal_msp.c ****   *      this list of conditions and the following disclaimer in the documentation
  21:Src/stm32l1xx_hal_msp.c ****   *      and/or other materials provided with the distribution.
  22:Src/stm32l1xx_hal_msp.c ****   *   3. Neither the name of STMicroelectronics nor the names of its contributors
  23:Src/stm32l1xx_hal_msp.c ****   *      may be used to endorse or promote products derived from this software
  24:Src/stm32l1xx_hal_msp.c ****   *      without specific prior written permission.
  25:Src/stm32l1xx_hal_msp.c ****   *
  26:Src/stm32l1xx_hal_msp.c ****   * THIS SOFTWARE IS PROVIDED BY THE COPYRIGHT HOLDERS AND CONTRIBUTORS "AS IS"
  27:Src/stm32l1xx_hal_msp.c ****   * AND ANY EXPRESS OR IMPLIED WARRANTIES, INCLUDING, BUT NOT LIMITED TO, THE
  28:Src/stm32l1xx_hal_msp.c ****   * IMPLIED WARRANTIES OF MERCHANTABILITY AND FITNESS FOR A PARTICULAR PURPOSE ARE
  29:Src/stm32l1xx_hal_msp.c ****   * DISCLAIMED. IN NO EVENT SHALL THE COPYRIGHT HOLDER OR CONTRIBUTORS BE LIABLE
  30:Src/stm32l1xx_hal_msp.c ****   * FOR ANY DIRECT, INDIRECT, INCIDENTAL, SPECIAL, EXEMPLARY, OR CONSEQUENTIAL
  31:Src/stm32l1xx_hal_msp.c ****   * DAMAGES (INCLUDING, BUT NOT LIMITED TO, PROCUREMENT OF SUBSTITUTE GOODS OR
  32:Src/stm32l1xx_hal_msp.c ****   * SERVICES; LOSS OF USE, DATA, OR PROFITS; OR BUSINESS INTERRUPTION) HOWEVER
  33:Src/stm32l1xx_hal_msp.c ****   * CAUSED AND ON ANY THEORY OF LIABILITY, WHETHER IN CONTRACT, STRICT LIABILITY,
ARM GAS  /tmp/ccKSDEVu.s 			page 2


  34:Src/stm32l1xx_hal_msp.c ****   * OR TORT (INCLUDING NEGLIGENCE OR OTHERWISE) ARISING IN ANY WAY OUT OF THE USE
  35:Src/stm32l1xx_hal_msp.c ****   * OF THIS SOFTWARE, EVEN IF ADVISED OF THE POSSIBILITY OF SUCH DAMAGE.
  36:Src/stm32l1xx_hal_msp.c ****   *
  37:Src/stm32l1xx_hal_msp.c ****   ******************************************************************************
  38:Src/stm32l1xx_hal_msp.c ****   */
  39:Src/stm32l1xx_hal_msp.c **** /* Includes ------------------------------------------------------------------*/
  40:Src/stm32l1xx_hal_msp.c **** #include "stm32l1xx_hal.h"
  41:Src/stm32l1xx_hal_msp.c **** 
  42:Src/stm32l1xx_hal_msp.c **** extern void _Error_Handler(char *, int);
  43:Src/stm32l1xx_hal_msp.c **** /* USER CODE BEGIN 0 */
  44:Src/stm32l1xx_hal_msp.c **** 
  45:Src/stm32l1xx_hal_msp.c **** /* USER CODE END 0 */
  46:Src/stm32l1xx_hal_msp.c **** /**
  47:Src/stm32l1xx_hal_msp.c ****   * Initializes the Global MSP.
  48:Src/stm32l1xx_hal_msp.c ****   */
  49:Src/stm32l1xx_hal_msp.c **** void HAL_MspInit(void)
  50:Src/stm32l1xx_hal_msp.c **** {
  26              		.loc 1 50 0
  27              		.cfi_startproc
  28              		@ args = 0, pretend = 0, frame = 16
  29              		@ frame_needed = 0, uses_anonymous_args = 0
  30 0000 00B5     		push	{lr}
  31              	.LCFI0:
  32              		.cfi_def_cfa_offset 4
  33              		.cfi_offset 14, -4
  34 0002 85B0     		sub	sp, sp, #20
  35              	.LCFI1:
  36              		.cfi_def_cfa_offset 24
  37              	.LBB2:
  51:Src/stm32l1xx_hal_msp.c ****   /* USER CODE BEGIN MspInit 0 */
  52:Src/stm32l1xx_hal_msp.c **** 
  53:Src/stm32l1xx_hal_msp.c ****   /* USER CODE END MspInit 0 */
  54:Src/stm32l1xx_hal_msp.c **** 
  55:Src/stm32l1xx_hal_msp.c ****   __HAL_RCC_COMP_CLK_ENABLE();
  38              		.loc 1 55 0
  39 0004 254B     		ldr	r3, .L3
  40 0006 5A6A     		ldr	r2, [r3, #36]
  41 0008 42F00042 		orr	r2, r2, #-2147483648
  42 000c 5A62     		str	r2, [r3, #36]
  43 000e 5A6A     		ldr	r2, [r3, #36]
  44 0010 02F00042 		and	r2, r2, #-2147483648
  45 0014 0192     		str	r2, [sp, #4]
  46 0016 019A     		ldr	r2, [sp, #4]
  47              	.LBE2:
  48              	.LBB3:
  56:Src/stm32l1xx_hal_msp.c ****   __HAL_RCC_SYSCFG_CLK_ENABLE();
  49              		.loc 1 56 0
  50 0018 1A6A     		ldr	r2, [r3, #32]
  51 001a 42F00102 		orr	r2, r2, #1
  52 001e 1A62     		str	r2, [r3, #32]
  53 0020 1A6A     		ldr	r2, [r3, #32]
  54 0022 02F00102 		and	r2, r2, #1
  55 0026 0292     		str	r2, [sp, #8]
  56 0028 029A     		ldr	r2, [sp, #8]
  57              	.LBE3:
  58              	.LBB4:
  57:Src/stm32l1xx_hal_msp.c ****   __HAL_RCC_PWR_CLK_ENABLE();
ARM GAS  /tmp/ccKSDEVu.s 			page 3


  59              		.loc 1 57 0
  60 002a 5A6A     		ldr	r2, [r3, #36]
  61 002c 42F08052 		orr	r2, r2, #268435456
  62 0030 5A62     		str	r2, [r3, #36]
  63 0032 5B6A     		ldr	r3, [r3, #36]
  64 0034 03F08053 		and	r3, r3, #268435456
  65 0038 0393     		str	r3, [sp, #12]
  66 003a 039B     		ldr	r3, [sp, #12]
  67              	.LBE4:
  58:Src/stm32l1xx_hal_msp.c **** 
  59:Src/stm32l1xx_hal_msp.c ****   HAL_NVIC_SetPriorityGrouping(NVIC_PRIORITYGROUP_4);
  68              		.loc 1 59 0
  69 003c 0320     		movs	r0, #3
  70 003e FFF7FEFF 		bl	HAL_NVIC_SetPriorityGrouping
  71              	.LVL0:
  60:Src/stm32l1xx_hal_msp.c **** 
  61:Src/stm32l1xx_hal_msp.c ****   /* System interrupt init*/
  62:Src/stm32l1xx_hal_msp.c ****   /* MemoryManagement_IRQn interrupt configuration */
  63:Src/stm32l1xx_hal_msp.c ****   HAL_NVIC_SetPriority(MemoryManagement_IRQn, 0, 0);
  72              		.loc 1 63 0
  73 0042 0022     		movs	r2, #0
  74 0044 1146     		mov	r1, r2
  75 0046 6FF00B00 		mvn	r0, #11
  76 004a FFF7FEFF 		bl	HAL_NVIC_SetPriority
  77              	.LVL1:
  64:Src/stm32l1xx_hal_msp.c ****   /* BusFault_IRQn interrupt configuration */
  65:Src/stm32l1xx_hal_msp.c ****   HAL_NVIC_SetPriority(BusFault_IRQn, 0, 0);
  78              		.loc 1 65 0
  79 004e 0022     		movs	r2, #0
  80 0050 1146     		mov	r1, r2
  81 0052 6FF00A00 		mvn	r0, #10
  82 0056 FFF7FEFF 		bl	HAL_NVIC_SetPriority
  83              	.LVL2:
  66:Src/stm32l1xx_hal_msp.c ****   /* UsageFault_IRQn interrupt configuration */
  67:Src/stm32l1xx_hal_msp.c ****   HAL_NVIC_SetPriority(UsageFault_IRQn, 0, 0);
  84              		.loc 1 67 0
  85 005a 0022     		movs	r2, #0
  86 005c 1146     		mov	r1, r2
  87 005e 6FF00900 		mvn	r0, #9
  88 0062 FFF7FEFF 		bl	HAL_NVIC_SetPriority
  89              	.LVL3:
  68:Src/stm32l1xx_hal_msp.c ****   /* SVC_IRQn interrupt configuration */
  69:Src/stm32l1xx_hal_msp.c ****   HAL_NVIC_SetPriority(SVC_IRQn, 0, 0);
  90              		.loc 1 69 0
  91 0066 0022     		movs	r2, #0
  92 0068 1146     		mov	r1, r2
  93 006a 6FF00400 		mvn	r0, #4
  94 006e FFF7FEFF 		bl	HAL_NVIC_SetPriority
  95              	.LVL4:
  70:Src/stm32l1xx_hal_msp.c ****   /* DebugMonitor_IRQn interrupt configuration */
  71:Src/stm32l1xx_hal_msp.c ****   HAL_NVIC_SetPriority(DebugMonitor_IRQn, 0, 0);
  96              		.loc 1 71 0
  97 0072 0022     		movs	r2, #0
  98 0074 1146     		mov	r1, r2
  99 0076 6FF00300 		mvn	r0, #3
 100 007a FFF7FEFF 		bl	HAL_NVIC_SetPriority
 101              	.LVL5:
ARM GAS  /tmp/ccKSDEVu.s 			page 4


  72:Src/stm32l1xx_hal_msp.c ****   /* PendSV_IRQn interrupt configuration */
  73:Src/stm32l1xx_hal_msp.c ****   HAL_NVIC_SetPriority(PendSV_IRQn, 0, 0);
 102              		.loc 1 73 0
 103 007e 0022     		movs	r2, #0
 104 0080 1146     		mov	r1, r2
 105 0082 6FF00100 		mvn	r0, #1
 106 0086 FFF7FEFF 		bl	HAL_NVIC_SetPriority
 107              	.LVL6:
  74:Src/stm32l1xx_hal_msp.c ****   /* SysTick_IRQn interrupt configuration */
  75:Src/stm32l1xx_hal_msp.c ****   HAL_NVIC_SetPriority(SysTick_IRQn, 0, 0);
 108              		.loc 1 75 0
 109 008a 0022     		movs	r2, #0
 110 008c 1146     		mov	r1, r2
 111 008e 4FF0FF30 		mov	r0, #-1
 112 0092 FFF7FEFF 		bl	HAL_NVIC_SetPriority
 113              	.LVL7:
  76:Src/stm32l1xx_hal_msp.c **** 
  77:Src/stm32l1xx_hal_msp.c ****   /* USER CODE BEGIN MspInit 1 */
  78:Src/stm32l1xx_hal_msp.c **** 
  79:Src/stm32l1xx_hal_msp.c ****   /* USER CODE END MspInit 1 */
  80:Src/stm32l1xx_hal_msp.c **** }
 114              		.loc 1 80 0
 115 0096 05B0     		add	sp, sp, #20
 116              	.LCFI2:
 117              		.cfi_def_cfa_offset 4
 118              		@ sp needed
 119 0098 5DF804FB 		ldr	pc, [sp], #4
 120              	.L4:
 121              		.align	2
 122              	.L3:
 123 009c 00380240 		.word	1073887232
 124              		.cfi_endproc
 125              	.LFE64:
 127              		.text
 128              	.Letext0:
 129              		.file 2 "/home/ricardo/opt/gcc-arm-none-eabi-6-2017-q1-update/arm-none-eabi/include/machine/_defau
 130              		.file 3 "/home/ricardo/opt/gcc-arm-none-eabi-6-2017-q1-update/arm-none-eabi/include/sys/_stdint.h"
 131              		.file 4 "Drivers/CMSIS/Include/core_cm3.h"
 132              		.file 5 "Drivers/CMSIS/Device/ST/STM32L1xx/Include/system_stm32l1xx.h"
 133              		.file 6 "Drivers/CMSIS/Device/ST/STM32L1xx/Include/stm32l151xb.h"
 134              		.file 7 "/home/ricardo/opt/gcc-arm-none-eabi-6-2017-q1-update/arm-none-eabi/include/sys/lock.h"
 135              		.file 8 "/home/ricardo/opt/gcc-arm-none-eabi-6-2017-q1-update/arm-none-eabi/include/sys/_types.h"
 136              		.file 9 "/home/ricardo/opt/gcc-arm-none-eabi-6-2017-q1-update/lib/gcc/arm-none-eabi/6.3.1/include/
 137              		.file 10 "/home/ricardo/opt/gcc-arm-none-eabi-6-2017-q1-update/arm-none-eabi/include/sys/reent.h"
 138              		.file 11 "Drivers/STM32L1xx_HAL_Driver/Inc/stm32l1xx_hal_cortex.h"
ARM GAS  /tmp/ccKSDEVu.s 			page 5


DEFINED SYMBOLS
                            *ABS*:0000000000000000 stm32l1xx_hal_msp.c
     /tmp/ccKSDEVu.s:16     .text.HAL_MspInit:0000000000000000 $t
     /tmp/ccKSDEVu.s:23     .text.HAL_MspInit:0000000000000000 HAL_MspInit
     /tmp/ccKSDEVu.s:123    .text.HAL_MspInit:000000000000009c $d
                     .debug_frame:0000000000000010 $d

UNDEFINED SYMBOLS
HAL_NVIC_SetPriorityGrouping
HAL_NVIC_SetPriority
